<?xml version="1.0" encoding="UTF-8"?>
<!-- Generated by org.testng.reporters.JUnitXMLReporter -->
<testsuite hostname="Home-PC" ignored="1" name="Test" tests="2" failures="0" timestamp="29 Sep 2018 07:47:12 GMT" time="0.905" errors="0">
  <testcase name="test1" time="0.015" classname="com.practice.testcases.Testcase1"/>
  <testcase name="test2" time="0.002" classname="com.practice.testcases.Testcase2"/>
  <testcase name="@BeforeSuite beforeSuite" time="0.0" classname="com.practice.master.Master">
    <ignored/>
  </testcase> <!-- @BeforeSuite beforeSuite -->
</testsuite> <!-- Test -->
