<?xml version="1.0" encoding="UTF-8"?>
<!-- Generated by org.testng.reporters.JUnitXMLReporter -->
<testsuite hostname="RavindraP" ignored="1" name="Test" tests="17" failures="0" timestamp="03 Jan 2019 05:50:46 GMT" time="50.742" errors="0">
  <testcase name="LoginTest" time="8.704" classname="com.practice.testcases.LoginPageTest"/>
  <testcase name="verifyHomePageTitle" time="0.016" classname="com.practice.testcases.LoginPageTest"/>
  <testcase name="verifyHomePageTitle" time="4.01" classname="com.practice.testcases.HomePageTest"/>
  <testcase name="CalendarPageTest" time="2.369" classname="com.practice.testcases.HomePageTest"/>
  <testcase name="verifyCalendarPageTitle" time="0.009" classname="com.practice.testcases.HomePageTest"/>
  <testcase name="orgPageTest" time="2.114" classname="com.practice.testcases.HomePageTest"/>
  <testcase name="verifyOrgPageTitle" time="0.013" classname="com.practice.testcases.HomePageTest"/>
  <testcase name="contactsPageTest" time="1.843" classname="com.practice.testcases.HomePageTest"/>
  <testcase name="verifyContactsPageTitle" time="0.008" classname="com.practice.testcases.HomePageTest"/>
  <testcase name="opportunitiesPageTest" time="1.696" classname="com.practice.testcases.HomePageTest"/>
  <testcase name="verifyOppoPageTitle" time="0.009" classname="com.practice.testcases.HomePageTest"/>
  <testcase name="productsPageTest" time="1.743" classname="com.practice.testcases.HomePageTest"/>
  <testcase name="verifyProductsPageTitle" time="0.018" classname="com.practice.testcases.HomePageTest"/>
  <testcase name="documentsPageTest" time="1.638" classname="com.practice.testcases.HomePageTest"/>
  <testcase name="verifyDocumentsPagetitle" time="0.019" classname="com.practice.testcases.HomePageTest"/>
  <testcase name="dashboardPageTest" time="2.957" classname="com.practice.testcases.HomePageTest"/>
  <testcase name="verifyDashboardPageTitle" time="0.007" classname="com.practice.testcases.HomePageTest"/>
  <testcase name="@BeforeSuite beforeSuite" time="0.0" classname="com.practice.master.Master">
    <ignored/>
  </testcase> <!-- @BeforeSuite beforeSuite -->
</testsuite> <!-- Test -->
