<?xml version="1.0" encoding="UTF-8"?>
<testsuite xmlns:xsi="http://www.w3.org/2001/XMLSchema-instance" xsi:noNamespaceSchemaLocation="https://maven.apache.org/surefire/maven-surefire-plugin/xsd/surefire-test-report.xsd" name="TestSuite" time="51.876" tests="17" errors="0" skipped="0" failures="0">
  <properties>
[...]
</properties>
  <testcase name="LoginTest" classname="com.practice.testcases.LoginPageTest" time="8.704"/>
  <testcase name="verifyHomePageTitle" classname="com.practice.testcases.LoginPageTest" time="0.013"/>
  <testcase name="verifyHomePageTitle" classname="com.practice.testcases.HomePageTest" time="4.009"/>
  <testcase name="CalendarPageTest" classname="com.practice.testcases.HomePageTest" time="2.37"/>
  <testcase name="verifyCalendarPageTitle" classname="com.practice.testcases.HomePageTest" time="0.01"/>
  <testcase name="orgPageTest" classname="com.practice.testcases.HomePageTest" time="2.113"/>
  <testcase name="verifyOrgPageTitle" classname="com.practice.testcases.HomePageTest" time="0.011"/>
  <testcase name="contactsPageTest" classname="com.practice.testcases.HomePageTest" time="1.843"/>
  <testcase name="verifyContactsPageTitle" classname="com.practice.testcases.HomePageTest" time="0.009"/>
  <testcase name="opportunitiesPageTest" classname="com.practice.testcases.HomePageTest" time="1.702"/>
  <testcase name="verifyOppoPageTitle" classname="com.practice.testcases.HomePageTest" time="0.009"/>
  <testcase name="productsPageTest" classname="com.practice.testcases.HomePageTest" time="1.747"/>
  <testcase name="verifyProductsPageTitle" classname="com.practice.testcases.HomePageTest" time="0.018"/>
  <testcase name="documentsPageTest" classname="com.practice.testcases.HomePageTest" time="1.638"/>
  <testcase name="verifyDocumentsPagetitle" classname="com.practice.testcases.HomePageTest" time="0.046"/>
  <testcase name="dashboardPageTest" classname="com.practice.testcases.HomePageTest" time="2.964"/>
  <testcase name="verifyDashboardPageTitle" classname="com.practice.testcases.HomePageTest" time="0.008"/>
</testsuite>