<?xml version="1.0" encoding="UTF-8"?>
<testng-results skipped="0" failed="0" ignored="0" total="2" passed="2">
  <reporter-output>
  </reporter-output>
  <suite name="Default suite" duration-ms="36434" started-at="2018-11-14T10:50:12Z" finished-at="2018-11-14T10:50:49Z">
    <groups>
    </groups>
    <test name="Default test" duration-ms="36434" started-at="2018-11-14T10:50:12Z" finished-at="2018-11-14T10:50:49Z">
      <class name="com.practice.testcases.LoginPageTest">
        <test-method status="PASS" signature="beforeSuite()[pri:0, instance:com.practice.testcases.LoginPageTest@cb644e]" name="beforeSuite" is-config="true" duration-ms="1116" started-at="2018-11-14T10:50:11Z" finished-at="2018-11-14T10:50:12Z">
          <reporter-output>
          </reporter-output>
        </test-method> <!-- beforeSuite -->
        <test-method status="PASS" signature="init()[pri:0, instance:com.practice.testcases.LoginPageTest@cb644e]" name="init" is-config="true" duration-ms="18616" started-at="2018-11-14T10:50:12Z" finished-at="2018-11-14T10:50:31Z">
          <reporter-output>
          </reporter-output>
        </test-method> <!-- init -->
        <test-method status="PASS" signature="initExtent(java.lang.reflect.Method)[pri:0, instance:com.practice.testcases.LoginPageTest@cb644e]" name="initExtent" is-config="true" duration-ms="0" started-at="2018-11-14T10:50:31Z" finished-at="2018-11-14T10:50:31Z">
          <params>
            <param index="0">
              <value>
                <![CDATA[public void com.practice.testcases.LoginPageTest.LoginTest()]]>
              </value>
            </param>
          </params>
          <reporter-output>
          </reporter-output>
        </test-method> <!-- initExtent -->
        <test-method status="PASS" signature="LoginTest()[pri:0, instance:com.practice.testcases.LoginPageTest@cb644e]" name="LoginTest" duration-ms="15079" started-at="2018-11-14T10:50:31Z" finished-at="2018-11-14T10:50:46Z">
          <reporter-output>
          </reporter-output>
        </test-method> <!-- LoginTest -->
        <test-method status="PASS" signature="getResult(org.testng.ITestResult)[pri:0, instance:com.practice.testcases.LoginPageTest@cb644e]" name="getResult" is-config="true" duration-ms="1321" started-at="2018-11-14T10:50:46Z" finished-at="2018-11-14T10:50:47Z">
          <params>
            <param index="0">
              <value>
                <![CDATA[[TestResult name=LoginTest status=SUCCESS method=LoginPageTest.LoginTest()[pri:0, instance:com.practice.testcases.LoginPageTest@cb644e] output={null}]]]>
              </value>
            </param>
          </params>
          <reporter-output>
          </reporter-output>
        </test-method> <!-- getResult -->
        <test-method status="PASS" signature="initExtent(java.lang.reflect.Method)[pri:0, instance:com.practice.testcases.LoginPageTest@cb644e]" name="initExtent" is-config="true" duration-ms="2" started-at="2018-11-14T10:50:47Z" finished-at="2018-11-14T10:50:47Z">
          <params>
            <param index="0">
              <value>
                <![CDATA[public void com.practice.testcases.LoginPageTest.verifyHomePageTitle()]]>
              </value>
            </param>
          </params>
          <reporter-output>
          </reporter-output>
        </test-method> <!-- initExtent -->
        <test-method status="PASS" signature="verifyHomePageTitle()[pri:0, instance:com.practice.testcases.LoginPageTest@cb644e]" name="verifyHomePageTitle" duration-ms="24" started-at="2018-11-14T10:50:47Z" finished-at="2018-11-14T10:50:47Z">
          <reporter-output>
          </reporter-output>
        </test-method> <!-- verifyHomePageTitle -->
        <test-method status="PASS" signature="getResult(org.testng.ITestResult)[pri:0, instance:com.practice.testcases.LoginPageTest@cb644e]" name="getResult" is-config="true" duration-ms="95" started-at="2018-11-14T10:50:47Z" finished-at="2018-11-14T10:50:48Z">
          <params>
            <param index="0">
              <value>
                <![CDATA[[TestResult name=verifyHomePageTitle status=SUCCESS method=LoginPageTest.verifyHomePageTitle()[pri:0, instance:com.practice.testcases.LoginPageTest@cb644e] output={null}]]]>
              </value>
            </param>
          </params>
          <reporter-output>
          </reporter-output>
        </test-method> <!-- getResult -->
        <test-method status="PASS" signature="teardown()[pri:0, instance:com.practice.testcases.LoginPageTest@cb644e]" name="teardown" is-config="true" duration-ms="1150" started-at="2018-11-14T10:50:48Z" finished-at="2018-11-14T10:50:49Z">
          <reporter-output>
          </reporter-output>
        </test-method> <!-- teardown -->
      </class> <!-- com.practice.testcases.LoginPageTest -->
    </test> <!-- Default test -->
  </suite> <!-- Default suite -->
</testng-results>
